Arguments: 
  C:\Program Files\nodejs\node.exe C:\Users\Finn\AppData\Roaming\npm\node_modules\yarn\bin\yarn.js install

PATH: 
  C:\Program Files (x86)\Intel\iCLS Client\;C:\Program Files\Intel\iCLS Client\;C:\Program Files (x86)\Common Files\Oracle\Java\javapath;C:\Python34\Lib\site-packages\PyQt4;C:\Python36\Scripts\;C:\Python36\;C:\ProgramData\Oracle\Java\javapath;C:\WINDOWS\system32;C:\WINDOWS;C:\WINDOWS\System32\Wbem;C:\WINDOWS\System32\WindowsPowerShell\v1.0\;C:\Program Files (x86)\Windows Live\Shared;C:\Program Files\Java\jdk1.8.0_131\bin;C:\Program Files\TortoiseSVN\bin;C:\Program Files\Microsoft SQL Server\130\Tools\Binn\;C:\Program Files\PuTTY\;C:\ProgramData\chocolatey\bin;C:\WINDOWS\System32\OpenSSH\;C:\Program Files\Git\cmd;C:\Program Files (x86)\Intel\Intel(R) Management Engine Components\DAL;C:\Program Files\Intel\Intel(R) Management Engine Components\DAL;C:\Program Files (x86)\Intel\Intel(R) Management Engine Components\IPT;C:\Program Files\Intel\Intel(R) Management Engine Components\IPT;C:\Program Files\Dart\dart-sdk\bin;C:\Program Files\nodejs\;C:\Program Files\MATLAB\R2019b\bin;C:\Users\Finn\AppData\Local\Programs\Python\Python37-32\Scripts\;C:\Users\Finn\AppData\Local\Programs\Python\Python37-32\;C:\Users\Finn\AppData\Local\Microsoft\WindowsApps;C:\Users\Finn\AppData\Local\atom\bin;C:\Users\Finn\AppData\Local\Programs\Microsoft VS Code\bin;C:\Users\Finn\flutter\bin;C:\adb\platform-tools;C:\Users\Finn\AppData\Local\Microsoft\WindowsApps;C:\tools\dart-sdk\bin;C:\Users\Finn\AppData\Roaming\Pub\Cache\bin;C:\Users\Finn\AppData\Roaming\npm;C:\texlive\2019\bin\win32;C:\Users\Finn\flutter\.pub-cache\bin;

Yarn version: 
  1.10.1

Node version: 
  10.16.3

Platform: 
  win32 x64

Trace: 
  SyntaxError: C:\Users\Finn\Documents\Projekte\GitHub\Viktoriaschule\ServerSimulation\package.json: Unexpected token } in JSON at position 333
      at JSON.parse (<anonymous>)
      at C:\Users\Finn\AppData\Roaming\npm\node_modules\yarn\lib\cli.js:1136:59
      at Generator.next (<anonymous>)
      at step (C:\Users\Finn\AppData\Roaming\npm\node_modules\yarn\lib\cli.js:98:30)
      at C:\Users\Finn\AppData\Roaming\npm\node_modules\yarn\lib\cli.js:109:13

npm manifest: 
  {
    "name": "ServerSimulation",
    "version": "1.0.0",
    "main": "src/index.ts",
    "author": "fingeg",
    "license": "MIT",
    "private": false,
    "scripts": {
      "start": "./node_modules/.bin/ts-node src/index.ts"
    },
    "dependencies": {
      "cors": "^2.8.5",
      "got": "^9.6.0",
      "mysql": "^2.17.1",
      "request": "^2.88.0",
    },
    "devDependencies": {
      "@types/cors": "^2.8.6",
      "@types/got": "^9.6.7",
      "@types/node": "^12.12.6",
      "@types/request": "^2.48.3",
      "ts-node": "^8.4.1",
      "typescript": "^3.6.3"
    }
  }

yarn manifest: 
  No manifest

Lockfile: 
  # THIS IS AN AUTOGENERATED FILE. DO NOT EDIT THIS FILE DIRECTLY.
  # yarn lockfile v1
